# JRE version: OpenJDK Runtime Environment (8.0) (build 1.8.0-adoptopenjdk-_2018_05_19_00_59-b00)
# Java VM: OpenJDK 64-Bit Server VM (25.71-b00 mixed mode windows-amd64 compressed oops)
Heap:
 PSYoungGen      total 66560K, used 58312K [0x00000000d8000000, 0x00000000dc600000, 0x0000000100000000)
  eden space 61440K, 94% used [0x00000000d8000000,0x00000000db8c2028,0x00000000dbc00000)
  from space 5120K, 3% used [0x00000000dbc00000,0x00000000dbc30000,0x00000000dc100000)
  to   space 5120K, 0% used [0x00000000dc100000,0x00000000dc100000,0x00000000dc600000)
 ParOldGen       total 81920K, used 10803K [0x0000000088000000, 0x000000008d000000, 0x00000000d8000000)
  object space 81920K, 13% used [0x0000000088000000,0x0000000088a8ccc8,0x000000008d000000)
 Metaspace       used 18958K, capacity 19376K, committed 19712K, reserved 1067008K
  class space    used 2094K, capacity 2198K, committed 2304K, reserved 1048576K
GC Heap History (10 events):
Event: 5.852 GC heap before
{Heap before GC invocations=5 (full 0):
 PSYoungGen      total 66560K, used 66535K [0x00000000d8000000, 0x00000000dc600000, 0x0000000100000000)
  eden space 61440K, 100% used [0x00000000d8000000,0x00000000dbc00000,0x00000000dbc00000)
  from space 5120K, 99% used [0x00000000dc100000,0x00000000dc5f9d08,0x00000000dc600000)
  to   space 5120K, 0% used [0x00000000dbc00000,0x00000000dbc00000,0x00000000dc100000)
 ParOldGen       total 81920K, used 858K [0x0000000088000000, 0x000000008d000000, 0x00000000d8000000)
  object space 81920K, 1% used [0x0000000088000000,0x00000000880d6810,0x000000008d000000)
 Metaspace       used 14409K, capacity 14848K, committed 15104K, reserved 1062912K
  class space    used 1652K, capacity 1783K, committed 1792K, reserved 1048576K
Event: 5.860 GC heap after
Heap after GC invocations=5 (full 0):
 PSYoungGen      total 66560K, used 5107K [0x00000000d8000000, 0x00000000dc600000, 0x0000000100000000)
  eden space 61440K, 0% used [0x00000000d8000000,0x00000000d8000000,0x00000000dbc00000)
  from space 5120K, 99% used [0x00000000dbc00000,0x00000000dc0fcf80,0x00000000dc100000)
  to   space 5120K, 0% used [0x00000000dc100000,0x00000000dc100000,0x00000000dc600000)
 ParOldGen       total 81920K, used 2545K [0x0000000088000000, 0x000000008d000000, 0x00000000d8000000)
  object space 81920K, 3% used [0x0000000088000000,0x000000008827c640,0x000000008d000000)
 Metaspace       used 14409K, capacity 14848K, committed 15104K, reserved 1062912K
  class space    used 1652K, capacity 1783K, committed 1792K, reserved 1048576K
}
Event: 6.916 GC heap before
{Heap before GC invocations=6 (full 0):
 PSYoungGen      total 66560K, used 66547K [0x00000000d8000000, 0x00000000dc600000, 0x0000000100000000)
  eden space 61440K, 100% used [0x00000000d8000000,0x00000000dbc00000,0x00000000dbc00000)
  from space 5120K, 99% used [0x00000000dbc00000,0x00000000dc0fcf80,0x00000000dc100000)
  to   space 5120K, 0% used [0x00000000dc100000,0x00000000dc100000,0x00000000dc600000)
 ParOldGen       total 81920K, used 2545K [0x0000000088000000, 0x000000008d000000, 0x00000000d8000000)
  object space 81920K, 3% used [0x0000000088000000,0x000000008827c640,0x000000008d000000)
 Metaspace       used 18283K, capacity 18748K, committed 18816K, reserved 1067008K
  class space    used 2037K, capacity 2164K, committed 2176K, reserved 1048576K
Event: 6.925 GC heap after
Heap after GC invocations=6 (full 0):
 PSYoungGen      total 66560K, used 5091K [0x00000000d8000000, 0x00000000dc600000, 0x0000000100000000)
  eden space 61440K, 0% used [0x00000000d8000000,0x00000000d8000000,0x00000000dbc00000)
  from space 5120K, 99% used [0x00000000dc100000,0x00000000dc5f8dc8,0x00000000dc600000)
  to   space 5120K, 0% used [0x00000000dbc00000,0x00000000dbc00000,0x00000000dc100000)
 ParOldGen       total 81920K, used 5618K [0x0000000088000000, 0x000000008d000000, 0x00000000d8000000)
  object space 81920K, 6% used [0x0000000088000000,0x000000008857c8b0,0x000000008d000000)
 Metaspace       used 18283K, capacity 18748K, committed 18816K, reserved 1067008K
  class space    used 2037K, capacity 2164K, committed 2176K, reserved 1048576K
}
Event: 9.538 GC heap before
{Heap before GC invocations=7 (full 0):
 PSYoungGen      total 66560K, used 66531K [0x00000000d8000000, 0x00000000dc600000, 0x0000000100000000)
  eden space 61440K, 100% used [0x00000000d8000000,0x00000000dbc00000,0x00000000dbc00000)
  from space 5120K, 99% used [0x00000000dc100000,0x00000000dc5f8dc8,0x00000000dc600000)
  to   space 5120K, 0% used [0x00000000dbc00000,0x00000000dbc00000,0x00000000dc100000)
 ParOldGen       total 81920K, used 5618K [0x0000000088000000, 0x000000008d000000, 0x00000000d8000000)
  object space 81920K, 6% used [0x0000000088000000,0x000000008857c8b0,0x000000008d000000)
 Metaspace       used 18449K, capacity 18940K, committed 19072K, reserved 1067008K
  class space    used 2046K, capacity 2164K, committed 2176K, reserved 1048576K
Event: 9.544 GC heap after
Heap after GC invocations=7 (full 0):
 PSYoungGen      total 66560K, used 3915K [0x00000000d8000000, 0x00000000dc600000, 0x0000000100000000)
  eden space 61440K, 0% used [0x00000000d8000000,0x00000000d8000000,0x00000000dbc00000)
  from space 5120K, 76% used [0x00000000dbc00000,0x00000000dbfd2c60,0x00000000dc100000)
  to   space 5120K, 0% used [0x00000000dc100000,0x00000000dc100000,0x00000000dc600000)
 ParOldGen       total 81920K, used 7027K [0x0000000088000000, 0x000000008d000000, 0x00000000d8000000)
  object space 81920K, 8% used [0x0000000088000000,0x00000000886dcdd8,0x000000008d000000)
 Metaspace       used 18449K, capacity 18940K, committed 19072K, reserved 1067008K
  class space    used 2046K, capacity 2164K, committed 2176K, reserved 1048576K
}
Event: 12.197 GC heap before
{Heap before GC invocations=8 (full 0):
 PSYoungGen      total 66560K, used 65355K [0x00000000d8000000, 0x00000000dc600000, 0x0000000100000000)
  eden space 61440K, 100% used [0x00000000d8000000,0x00000000dbc00000,0x00000000dbc00000)
  from space 5120K, 76% used [0x00000000dbc00000,0x00000000dbfd2c60,0x00000000dc100000)
  to   space 5120K, 0% used [0x00000000dc100000,0x00000000dc100000,0x00000000dc600000)
 ParOldGen       total 81920K, used 7027K [0x0000000088000000, 0x000000008d000000, 0x00000000d8000000)
  object space 81920K, 8% used [0x0000000088000000,0x00000000886dcdd8,0x000000008d000000)
 Metaspace       used 18449K, capacity 18940K, committed 19072K, reserved 1067008K
  class space    used 2046K, capacity 2164K, committed 2176K, reserved 1048576K
Event: 12.200 GC heap after
Heap after GC invocations=8 (full 0):
 PSYoungGen      total 66560K, used 3707K [0x00000000d8000000, 0x00000000dc600000, 0x0000000100000000)
  eden space 61440K, 0% used [0x00000000d8000000,0x00000000d8000000,0x00000000dbc00000)
  from space 5120K, 72% used [0x00000000dc100000,0x00000000dc49ec80,0x00000000dc600000)
  to   space 5120K, 0% used [0x00000000dbc00000,0x00000000dbc00000,0x00000000dc100000)
 ParOldGen       total 81920K, used 7248K [0x0000000088000000, 0x000000008d000000, 0x00000000d8000000)
  object space 81920K, 8% used [0x0000000088000000,0x0000000088714078,0x000000008d000000)
 Metaspace       used 18449K, capacity 18940K, committed 19072K, reserved 1067008K
  class space    used 2046K, capacity 2164K, committed 2176K, reserved 1048576K
}
Event: 15.193 GC heap before
{Heap before GC invocations=9 (full 0):
 PSYoungGen      total 66560K, used 65147K [0x00000000d8000000, 0x00000000dc600000, 0x0000000100000000)
  eden space 61440K, 100% used [0x00000000d8000000,0x00000000dbc00000,0x00000000dbc00000)
  from space 5120K, 72% used [0x00000000dc100000,0x00000000dc49ec80,0x00000000dc600000)
  to   space 5120K, 0% used [0x00000000dbc00000,0x00000000dbc00000,0x00000000dc100000)
 ParOldGen       total 81920K, used 7248K [0x0000000088000000, 0x000000008d000000, 0x00000000d8000000)
  object space 81920K, 8% used [0x0000000088000000,0x0000000088714078,0x000000008d000000)
 Metaspace       used 18449K, capacity 18940K, committed 19072K, reserved 1067008K
  class space    used 2046K, capacity 2164K, committed 2176K, reserved 1048576K
Event: 15.196 GC heap after
Heap after GC invocations=9 (full 0):
 PSYoungGen      total 66560K, used 192K [0x00000000d8000000, 0x00000000dc600000, 0x0000000100000000)
  eden space 61440K, 0% used [0x00000000d8000000,0x00000000d8000000,0x00000000dbc00000)
  from space 5120K, 3% used [0x00000000dbc00000,0x00000000dbc30000,0x00000000dc100000)
  to   space 5120K, 0% used [0x00000000dc100000,0x00000000dc100000,0x00000000dc600000)
 ParOldGen       total 81920K, used 10803K [0x0000000088000000, 0x000000008d000000, 0x00000000d8000000)
  object space 81920K, 13% used [0x0000000088000000,0x0000000088a8ccc8,0x000000008d000000)
 Metaspace       used 18449K, capacity 18940K, committed 19072K, reserved 1067008K
  class space    used 2046K, capacity 2164K, committed 2176K, reserved 1048576K
}

